TN:
SF:src/domain/usecases/auth-usecase.ts
FN:16,(anonymous_0)
FN:27,(anonymous_1)
FNF:2
FNH:2
FNDA:21,(anonymous_0)
FNDA:21,(anonymous_1)
DA:22,21
DA:23,21
DA:24,21
DA:25,21
DA:28,21
DA:29,1
DA:31,20
DA:32,1
DA:35,19
DA:37,16
DA:38,13
DA:39,11
DA:40,8
DA:41,5
DA:44,2
LF:15
LH:15
BRDA:28,0,0,1
BRDA:28,0,1,20
BRDA:31,1,0,1
BRDA:31,1,1,19
BRDA:37,2,0,16
BRDA:37,2,1,15
BRDA:38,3,0,11
BRDA:38,3,1,2
BRF:8
BRH:8
end_of_record
TN:
SF:src/infra/helpers/mongo-helper/index.ts
FN:5,(anonymous_0)
FN:12,(anonymous_1)
FNF:2
FNH:2
FNDA:2,(anonymous_0)
FNDA:2,(anonymous_1)
DA:6,2
DA:7,2
DA:8,2
DA:9,2
DA:10,2
DA:13,2
DA:14,2
DA:15,2
LF:8
LH:8
BRDA:5,0,0,2
BRF:1
BRH:1
end_of_record
TN:
SF:src/infra/repositories/load-user-by-email-repository/index.ts
FN:5,(anonymous_0)
FN:9,(anonymous_1)
FNF:2
FNH:2
FNDA:4,(anonymous_0)
FNDA:4,(anonymous_1)
DA:6,4
DA:10,4
DA:11,1
DA:13,3
DA:14,2
LF:5
LH:5
BRDA:10,0,0,1
BRDA:10,0,1,3
BRF:2
BRH:2
end_of_record
TN:
SF:src/presentation/errors/index.ts
FNF:0
FNH:0
LF:0
LH:0
BRF:0
BRH:0
end_of_record
TN:
SF:src/presentation/errors/server-error.ts
FN:2,(anonymous_0)
FNF:1
FNH:1
FNDA:11,(anonymous_0)
DA:3,11
DA:4,11
LF:2
LH:2
BRF:0
BRH:0
end_of_record
TN:
SF:src/presentation/errors/unauthorized-error.ts
FN:2,(anonymous_0)
FNF:1
FNH:1
FNDA:1,(anonymous_0)
DA:3,1
DA:4,1
LF:2
LH:2
BRF:0
BRH:0
end_of_record
TN:
SF:src/presentation/helpers/http-response.ts
FN:5,(anonymous_0)
FN:12,(anonymous_1)
FN:19,(anonymous_2)
FN:26,(anonymous_3)
FNF:4
FNH:4
FNDA:3,(anonymous_0)
FNDA:3,(anonymous_1)
FNDA:1,(anonymous_2)
FNDA:7,(anonymous_3)
DA:6,3
DA:13,3
DA:20,1
DA:27,7
LF:4
LH:4
BRF:0
BRH:0
end_of_record
TN:
SF:src/presentation/routers/login-router.ts
FN:9,(anonymous_0)
FN:14,(anonymous_1)
FNF:2
FNH:2
FNDA:14,(anonymous_0)
FNDA:14,(anonymous_1)
DA:10,14
DA:11,14
DA:15,14
DA:16,14
DA:17,12
DA:18,1
DA:21,11
DA:22,1
DA:25,5
DA:26,1
DA:29,4
DA:30,4
DA:31,1
DA:34,3
DA:36,7
LF:15
LH:15
BRDA:17,0,0,1
BRDA:17,0,1,11
BRDA:21,1,0,1
BRDA:21,1,1,5
BRDA:25,2,0,1
BRDA:25,2,1,4
BRDA:30,3,0,1
BRDA:30,3,1,3
BRF:8
BRH:8
end_of_record
TN:
SF:src/utils/email-validator/index.ts
FN:5,(anonymous_0)
FNF:1
FNH:1
FNDA:4,(anonymous_0)
DA:6,4
DA:7,1
DA:9,3
LF:3
LH:3
BRDA:6,0,0,1
BRDA:6,0,1,3
BRF:2
BRH:2
end_of_record
TN:
SF:src/utils/encrypter/index.ts
FN:6,(anonymous_0)
FNF:1
FNH:1
FNDA:5,(anonymous_0)
DA:7,5
DA:8,1
DA:10,4
DA:11,1
DA:13,3
DA:14,3
LF:6
LH:6
BRDA:7,0,0,1
BRDA:7,0,1,4
BRDA:10,1,0,1
BRDA:10,1,1,3
BRF:4
BRH:4
end_of_record
TN:
SF:src/utils/errors/index.ts
FNF:0
FNH:0
LF:0
LH:0
BRF:0
BRH:0
end_of_record
TN:
SF:src/utils/errors/invalid-param-error.ts
FN:2,(anonymous_0)
FNF:1
FNH:1
FNDA:2,(anonymous_0)
DA:3,2
DA:4,2
LF:2
LH:2
BRF:0
BRH:0
end_of_record
TN:
SF:src/utils/errors/missing-param-error.ts
FN:2,(anonymous_0)
FNF:1
FNH:1
FNDA:20,(anonymous_0)
DA:3,20
DA:4,20
LF:2
LH:2
BRF:0
BRH:0
end_of_record
TN:
SF:src/utils/token-generator/index.ts
FN:6,(anonymous_0)
FN:9,(anonymous_1)
FNF:2
FNH:2
FNDA:5,(anonymous_0)
FNDA:5,(anonymous_1)
DA:7,5
DA:10,5
DA:11,1
DA:13,4
DA:14,1
DA:16,3
LF:6
LH:6
BRDA:10,0,0,1
BRDA:10,0,1,4
BRDA:13,1,0,1
BRDA:13,1,1,3
BRF:4
BRH:4
end_of_record
